<?xml version="1.0" encoding="UTF-8"?>
<!-- Generated by org.testng.reporters.JUnitReportReporter -->
<testsuite hostname="Verma" failures="0" tests="1" name="com.qa.testLayer.LoginPageTest" time="58.535" errors="0" timestamp="2024-12-28T22:49:18 IST" skipped="0">
  <testcase classname="com.qa.testLayer.LoginPageTest" name="Login" time="58.535"/>
  <system-out/>
</testsuite> <!-- com.qa.testLayer.LoginPageTest -->
